#
# There is insufficient memory for the Java Runtime Environment to continue.
# Native memory allocation (malloc) failed to allocate 1217936 bytes. Error detail: Chunk::new
# Possible reasons:
#   The system is out of physical RAM or swap space
#   This process is running with CompressedOops enabled, and the Java Heap may be blocking the growth of the native heap
# Possible solutions:
#   Reduce memory load on the system
#   Increase physical memory or swap space
#   Check if swap backing store is full
#   Decrease Java heap size (-Xmx/-Xms)
#   Decrease number of Java threads
#   Decrease Java thread stack sizes (-Xss)
#   Set larger code cache with -XX:ReservedCodeCacheSize=
#   JVM is running with Unscaled Compressed Oops mode in which the Java heap is
#     placed in the first 4GB address space. The Java Heap base address is the
#     maximum limit for the native heap growth. Please use -XX:HeapBaseMinAddress
#     to set the Java Heap base and to place the Java Heap above 4GB virtual address.
# This output file may be truncated or incomplete.
#
#  Out of Memory Error (arena.cpp:168), pid=21184, tid=15312
#
# JRE version: OpenJDK Runtime Environment Temurin-21.0.8+9 (21.0.8+9) (build 21.0.8+9-LTS)
# Java VM: OpenJDK 64-Bit Server VM Temurin-21.0.8+9 (21.0.8+9-LTS, mixed mode, sharing, tiered, compressed oops, compressed class ptrs, parallel gc, windows-amd64)
# No core dump will be written. Minidumps are not enabled by default on client versions of Windows
#

---------------  S U M M A R Y ------------

Command Line: --add-modules=ALL-SYSTEM --add-opens=java.base/java.util=ALL-UNNAMED --add-opens=java.base/java.lang=ALL-UNNAMED --add-opens=java.base/sun.nio.fs=ALL-UNNAMED -Declipse.application=org.eclipse.jdt.ls.core.id1 -Dosgi.bundles.defaultStartLevel=4 -Declipse.product=org.eclipse.jdt.ls.core.product -Djava.import.generatesMetadataFilesAtProjectRoot=false -DDetectVMInstallationsJob.disabled=true -Dfile.encoding=utf8 -XX:+UseParallelGC -XX:GCTimeRatio=4 -XX:AdaptiveSizePolicyWeight=90 -Dsun.zip.disableMemoryMapping=true -Xmx2G -Xms100m -Xlog:disable -javaagent:c:\Users\josea\.vscode\extensions\redhat.java-1.44.0-win32-x64\lombok\lombok-1.18.39-4050.jar c:\Users\josea\.vscode\extensions\redhat.java-1.44.0-win32-x64\server\plugins\org.eclipse.equinox.launcher_1.7.0.v20250519-0528.jar -configuration c:\Users\josea\AppData\Roaming\Code\User\globalStorage\redhat.java\1.44.0\config_ss_win -data c:\Users\josea\AppData\Roaming\Code\User\workspaceStorage\dced319d0e57371fdc746696c9b62fab\redhat.java\ss_ws --pipe=\\.\pipe\lsp-d66ba8b3cc46ae60744a74c2057c7936-sock

Host: Intel(R) Core(TM) i3-10100F CPU @ 3.60GHz, 8 cores, 15G,  Windows 11 , 64 bit Build 26100 (10.0.26100.4768)
Time: Sun Aug 31 20:37:47 2025 Hora estándar, América Central elapsed time: 6.320962 seconds (0d 0h 0m 6s)

---------------  T H R E A D  ---------------

Current thread (0x000001d3710a85f0):  JavaThread "C2 CompilerThread1" daemon [_thread_in_native, id=15312, stack(0x0000008e0db00000,0x0000008e0dc00000) (1024K)]


Current CompileTask:
C2:6321 2838       4       java.lang.invoke.MethodType::makeImpl (109 bytes)

Stack: [0x0000008e0db00000,0x0000008e0dc00000]
Native frames: (J=compiled Java code, j=interpreted, Vv=VM code, C=native code)
V  [jvm.dll+0x6d2449]
V  [jvm.dll+0x8ae341]
V  [jvm.dll+0x8b08be]
V  [jvm.dll+0x8b0fa3]
V  [jvm.dll+0x280c96]
V  [jvm.dll+0xc581d]
V  [jvm.dll+0xc5d53]
V  [jvm.dll+0x3b919c]
V  [jvm.dll+0x1e1409]
V  [jvm.dll+0x249022]
V  [jvm.dll+0x2484af]
V  [jvm.dll+0x1c89ee]
V  [jvm.dll+0x257d4d]
V  [jvm.dll+0x2562ea]
V  [jvm.dll+0x3f2d16]
V  [jvm.dll+0x857e6b]
V  [jvm.dll+0x6d0b0d]
C  [ucrtbase.dll+0x37b0]
C  [KERNEL32.DLL+0x2e8d7]
C  [ntdll.dll+0x3c34c]


---------------  P R O C E S S  ---------------

Threads class SMR info:
_java_thread_list=0x000001d371f1c880, length=35, elements={
0x000001d3537ae950, 0x000001d353869ff0, 0x000001d35386e2d0, 0x000001d36a215c50,
0x000001d36a2168a0, 0x000001d36a21f2c0, 0x000001d36a223200, 0x000001d36a2273f0,
0x000001d36a235ff0, 0x000001d36bbae5a0, 0x000001d36bec9630, 0x000001d370914900,
0x000001d3702cef60, 0x000001d3702cf5c0, 0x000001d37091f1c0, 0x000001d370c5a9a0,
0x000001d3709f3a10, 0x000001d370dbb7d0, 0x000001d370c3cf40, 0x000001d370e15b10,
0x000001d3710a85f0, 0x000001d370e133b0, 0x000001d370e14df0, 0x000001d370e13a40,
0x000001d370e140d0, 0x000001d370e14760, 0x000001d370e15480, 0x000001d370e161a0,
0x000001d370e12d20, 0x000001d37113d850, 0x000001d37113cb30, 0x000001d37113e570,
0x000001d37113b780, 0x000001d37113dee0, 0x000001d3710aa130
}

Java Threads: ( => current thread )
  0x000001d3537ae950 JavaThread "main"                              [_thread_blocked, id=20664, stack(0x0000008e0ce00000,0x0000008e0cf00000) (1024K)]
  0x000001d353869ff0 JavaThread "Reference Handler"          daemon [_thread_blocked, id=19572, stack(0x0000008e0d200000,0x0000008e0d300000) (1024K)]
  0x000001d35386e2d0 JavaThread "Finalizer"                  daemon [_thread_blocked, id=19816, stack(0x0000008e0d300000,0x0000008e0d400000) (1024K)]
  0x000001d36a215c50 JavaThread "Signal Dispatcher"          daemon [_thread_blocked, id=8004, stack(0x0000008e0d400000,0x0000008e0d500000) (1024K)]
  0x000001d36a2168a0 JavaThread "Attach Listener"            daemon [_thread_blocked, id=21188, stack(0x0000008e0d500000,0x0000008e0d600000) (1024K)]
  0x000001d36a21f2c0 JavaThread "Service Thread"             daemon [_thread_blocked, id=1128, stack(0x0000008e0d600000,0x0000008e0d700000) (1024K)]
  0x000001d36a223200 JavaThread "Monitor Deflation Thread"   daemon [_thread_blocked, id=17064, stack(0x0000008e0d700000,0x0000008e0d800000) (1024K)]
  0x000001d36a2273f0 JavaThread "C2 CompilerThread0"         daemon [_thread_in_native, id=15764, stack(0x0000008e0d800000,0x0000008e0d900000) (1024K)]
  0x000001d36a235ff0 JavaThread "C1 CompilerThread0"         daemon [_thread_blocked, id=15632, stack(0x0000008e0d900000,0x0000008e0da00000) (1024K)]
  0x000001d36bbae5a0 JavaThread "Common-Cleaner"             daemon [_thread_blocked, id=9904, stack(0x0000008e0da00000,0x0000008e0db00000) (1024K)]
  0x000001d36bec9630 JavaThread "Notification Thread"        daemon [_thread_blocked, id=14372, stack(0x0000008e0dc00000,0x0000008e0dd00000) (1024K)]
  0x000001d370914900 JavaThread "Active Thread: Equinox Container: 30343ad1-8f2a-40c4-9fa7-3731906c51c5"        [_thread_blocked, id=3664, stack(0x0000008e0e400000,0x0000008e0e500000) (1024K)]
  0x000001d3702cef60 JavaThread "Framework Event Dispatcher: Equinox Container: 30343ad1-8f2a-40c4-9fa7-3731906c51c5" daemon [_thread_blocked, id=16916, stack(0x0000008e0e500000,0x0000008e0e600000) (1024K)]
  0x000001d3702cf5c0 JavaThread "Start Level: Equinox Container: 30343ad1-8f2a-40c4-9fa7-3731906c51c5" daemon [_thread_blocked, id=15536, stack(0x0000008e0e600000,0x0000008e0e700000) (1024K)]
  0x000001d37091f1c0 JavaThread "SCR Component Actor"        daemon [_thread_blocked, id=15268, stack(0x0000008e0e800000,0x0000008e0e900000) (1024K)]
  0x000001d370c5a9a0 JavaThread "SCR Component Registry"     daemon [_thread_blocked, id=16712, stack(0x0000008e0e900000,0x0000008e0ea00000) (1024K)]
  0x000001d3709f3a10 JavaThread "Worker-JM"                         [_thread_blocked, id=7640, stack(0x0000008e0ea00000,0x0000008e0eb00000) (1024K)]
  0x000001d370dbb7d0 JavaThread "Worker-0"                          [_thread_blocked, id=15636, stack(0x0000008e0dd00000,0x0000008e0de00000) (1024K)]
  0x000001d370c3cf40 JavaThread "Worker-1"                          [_thread_blocked, id=15084, stack(0x0000008e0eb00000,0x0000008e0ec00000) (1024K)]
  0x000001d370e15b10 JavaThread "Worker-2"                          [_thread_blocked, id=12052, stack(0x0000008e0ec00000,0x0000008e0ed00000) (1024K)]
=>0x000001d3710a85f0 JavaThread "C2 CompilerThread1"         daemon [_thread_in_native, id=15312, stack(0x0000008e0db00000,0x0000008e0dc00000) (1024K)]
  0x000001d370e133b0 JavaThread "JNA Cleaner"                daemon [_thread_blocked, id=15304, stack(0x0000008e0ed00000,0x0000008e0ee00000) (1024K)]
  0x000001d370e14df0 JavaThread "Thread-2"                   daemon [_thread_in_native, id=15376, stack(0x0000008e0f100000,0x0000008e0f200000) (1024K)]
  0x000001d370e13a40 JavaThread "Thread-3"                   daemon [_thread_in_native, id=14896, stack(0x0000008e0f200000,0x0000008e0f300000) (1024K)]
  0x000001d370e140d0 JavaThread "Thread-4"                   daemon [_thread_in_native, id=21224, stack(0x0000008e0f300000,0x0000008e0f400000) (1024K)]
  0x000001d370e14760 JavaThread "Thread-5"                   daemon [_thread_in_native, id=16964, stack(0x0000008e0f400000,0x0000008e0f500000) (1024K)]
  0x000001d370e15480 JavaThread "Thread-6"                   daemon [_thread_in_native, id=9348, stack(0x0000008e0f500000,0x0000008e0f600000) (1024K)]
  0x000001d370e161a0 JavaThread "Thread-7"                   daemon [_thread_in_native, id=18656, stack(0x0000008e0f600000,0x0000008e0f700000) (1024K)]
  0x000001d370e12d20 JavaThread "Thread-8"                   daemon [_thread_in_native, id=9808, stack(0x0000008e0f700000,0x0000008e0f800000) (1024K)]
  0x000001d37113d850 JavaThread "Thread-9"                   daemon [_thread_in_native, id=16640, stack(0x0000008e0f800000,0x0000008e0f900000) (1024K)]
  0x000001d37113cb30 JavaThread "Thread-10"                  daemon [_thread_in_native, id=15576, stack(0x0000008e0f900000,0x0000008e0fa00000) (1024K)]
  0x000001d37113e570 JavaThread "pool-2-thread-1"                   [_thread_blocked, id=20308, stack(0x0000008e0fa00000,0x0000008e0fb00000) (1024K)]
  0x000001d37113b780 JavaThread "WorkspaceEventsHandler"            [_thread_blocked, id=632, stack(0x0000008e0fb00000,0x0000008e0fc00000) (1024K)]
  0x000001d37113dee0 JavaThread "pool-1-thread-1"                   [_thread_in_vm, id=11600, stack(0x0000008e0fc00000,0x0000008e0fd00000) (1024K)]
  0x000001d3710aa130 JavaThread "C2 CompilerThread2"         daemon [_thread_blocked, id=8476, stack(0x0000008e0fd00000,0x0000008e0fe00000) (1024K)]
Total: 35

Other Threads:
  0x000001d36a2135e0 VMThread "VM Thread"                           [id=15624, stack(0x0000008e0d100000,0x0000008e0d200000) (1024K)]
  0x000001d36a12ca00 WatcherThread "VM Periodic Task Thread"        [id=19328, stack(0x0000008e0d000000,0x0000008e0d100000) (1024K)]
  0x000001d3537cd150 WorkerThread "GC Thread#0"                     [id=15956, stack(0x0000008e0cf00000,0x0000008e0d000000) (1024K)]
  0x000001d37090cbe0 WorkerThread "GC Thread#1"                     [id=18460, stack(0x0000008e0de00000,0x0000008e0df00000) (1024K)]
  0x000001d3706e8e20 WorkerThread "GC Thread#2"                     [id=2020, stack(0x0000008e0df00000,0x0000008e0e000000) (1024K)]
  0x000001d36be81b70 WorkerThread "GC Thread#3"                     [id=1992, stack(0x0000008e0e000000,0x0000008e0e100000) (1024K)]
  0x000001d36be81f10 WorkerThread "GC Thread#4"                     [id=19412, stack(0x0000008e0e100000,0x0000008e0e200000) (1024K)]
  0x000001d36be826c0 WorkerThread "GC Thread#5"                     [id=20848, stack(0x0000008e0e200000,0x0000008e0e300000) (1024K)]
  0x000001d370a01370 WorkerThread "GC Thread#6"                     [id=19728, stack(0x0000008e0e300000,0x0000008e0e400000) (1024K)]
  0x000001d3708143c0 WorkerThread "GC Thread#7"                     [id=20592, stack(0x0000008e0e700000,0x0000008e0e800000) (1024K)]
Total: 10

Threads with active compile tasks:
C2 CompilerThread0  6387 3290       4       java.lang.invoke.MethodType::methodType (69 bytes)
C1 CompilerThread0  6387 3386       3       com.sun.org.apache.xerces.internal.parsers.XML11Configuration::checkFeature (292 bytes)
C2 CompilerThread1  6387 2838       4       java.lang.invoke.MethodType::makeImpl (109 bytes)
Total: 3

VM state: not at safepoint (normal execution)

VM Mutex/Monitor currently owned by a thread: None

Heap address: 0x0000000080000000, size: 2048 MB, Compressed Oops mode: 32-bit

CDS archive(s) mapped at: [0x000001d300000000-0x000001d300ba0000-0x000001d300ba0000), size 12189696, SharedBaseAddress: 0x000001d300000000, ArchiveRelocationMode: 1.
Compressed class space mapped at: 0x000001d301000000-0x000001d341000000, reserved size: 1073741824
Narrow klass base: 0x000001d300000000, Narrow klass shift: 0, Narrow klass range: 0x100000000

GC Precious Log:
 CardTable entry size: 512
 CPUs: 8 total, 8 available
 Memory: 16295M
 Large Page Support: Disabled
 NUMA Support: Disabled
 Compressed Oops: Enabled (32-bit)
 Alignments: Space 512K, Generation 512K, Heap 2M
 Heap Min Capacity: 100M
 Heap Initial Capacity: 100M
 Heap Max Capacity: 2G
 Pre-touch: Disabled
 Parallel Workers: 8

Heap:
 PSYoungGen      total 27136K, used 7904K [0x00000000d5580000, 0x00000000d7400000, 0x0000000100000000)
  eden space 23552K, 19% used [0x00000000d5580000,0x00000000d5a14aa8,0x00000000d6c80000)
  from space 3584K, 89% used [0x00000000d7080000,0x00000000d73a3718,0x00000000d7400000)
  to   space 3584K, 0% used [0x00000000d6d00000,0x00000000d6d00000,0x00000000d7080000)
 ParOldGen       total 68608K, used 10416K [0x0000000080000000, 0x0000000084300000, 0x00000000d5580000)
  object space 68608K, 15% used [0x0000000080000000,0x0000000080a2c0e8,0x0000000084300000)
 Metaspace       used 28757K, committed 29568K, reserved 1114112K
  class space    used 2897K, committed 3264K, reserved 1048576K

Card table byte_map: [0x000001d353150000,0x000001d353560000] _byte_map_base: 0x000001d352d50000

Marking Bits: (ParMarkBitMap*) 0x00007ff8858ca340
 Begin Bits: [0x000001d365c50000, 0x000001d367c50000)
 End Bits:   [0x000001d367c50000, 0x000001d369c50000)

Polling page: 0x000001d351650000

Metaspace:

Usage:
  Non-class:     25.25 MB used.
      Class:      2.83 MB used.
       Both:     28.08 MB used.

Virtual space:
  Non-class space:       64.00 MB reserved,      25.69 MB ( 40%) committed,  1 nodes.
      Class space:        1.00 GB reserved,       3.19 MB ( <1%) committed,  1 nodes.
             Both:        1.06 GB reserved,      28.88 MB (  3%) committed. 

Chunk freelists:
   Non-Class:  6.13 MB
       Class:  12.83 MB
        Both:  18.95 MB

MaxMetaspaceSize: unlimited
CompressedClassSpaceSize: 1.00 GB
Initial GC threshold: 21.00 MB
Current GC threshold: 35.00 MB
CDS: on
 - commit_granule_bytes: 65536.
 - commit_granule_words: 8192.
 - virtual_space_node_default_size: 8388608.
 - enlarge_chunks_in_place: 1.
 - use_allocation_guard: 0.


Internal statistics:

num_allocs_failed_limit: 3.
num_arena_births: 542.
num_arena_deaths: 14.
num_vsnodes_births: 2.
num_vsnodes_deaths: 0.
num_space_committed: 462.
num_space_uncommitted: 0.
num_chunks_returned_to_freelist: 17.
num_chunks_taken_from_freelist: 1631.
num_chunk_merges: 9.
num_chunk_splits: 1088.
num_chunks_enlarged: 716.
num_inconsistent_stats: 0.

CodeHeap 'non-profiled nmethods': size=120000Kb used=1545Kb max_used=1545Kb free=118454Kb
 bounds [0x000001d35e470000, 0x000001d35e6e0000, 0x000001d3659a0000]
CodeHeap 'profiled nmethods': size=120000Kb used=6691Kb max_used=6691Kb free=113308Kb
 bounds [0x000001d3569a0000, 0x000001d357030000, 0x000001d35ded0000]
CodeHeap 'non-nmethods': size=5760Kb used=1340Kb max_used=1364Kb free=4419Kb
 bounds [0x000001d35ded0000, 0x000001d35e140000, 0x000001d35e470000]
CodeCache: size=245760Kb, used=9576Kb, max_used=9600Kb, free=236181Kb
 total_blobs=4014, nmethods=3381, adapters=539, full_count=0
Compilation: enabled, stopped_count=0, restarted_count=0

Compilation events (20 events):
Event: 4.622 Thread 0x000001d36a235ff0 2991   !   3       java.util.jar.Attributes::read (494 bytes)
Event: 4.624 Thread 0x000001d36a235ff0 nmethod 2991 0x000001d356f75490 code [0x000001d356f75c20, 0x000001d356f798b0]
Event: 4.626 Thread 0x000001d36a2273f0 2992       4       java.lang.String::indexOf (64 bytes)
Event: 4.627 Thread 0x000001d36a2273f0 nmethod 2992 0x000001d35e5c8110 code [0x000001d35e5c82a0, 0x000001d35e5c8508]
Event: 4.640 Thread 0x000001d36a235ff0 2993       3       java.lang.invoke.MethodHandleNatives::linkCallSite (65 bytes)
Event: 4.640 Thread 0x000001d36a235ff0 nmethod 2993 0x000001d356f7b210 code [0x000001d356f7b400, 0x000001d356f7b948]
Event: 4.640 Thread 0x000001d36a235ff0 2994       3       java.lang.invoke.MethodHandleNatives::linkCallSiteImpl (119 bytes)
Event: 4.640 Thread 0x000001d36a235ff0 nmethod 2994 0x000001d356f7bb10 code [0x000001d356f7bd40, 0x000001d356f7c5d0]
Event: 4.640 Thread 0x000001d36a235ff0 2995       3       java.lang.invoke.ConstantCallSite::<init> (17 bytes)
Event: 4.641 Thread 0x000001d36a235ff0 nmethod 2995 0x000001d356f7c990 code [0x000001d356f7cb80, 0x000001d356f7d078]
Event: 4.641 Thread 0x000001d36a235ff0 2996       1       java.lang.invoke.MethodHandleImpl$IntrinsicMethodHandle::getTarget (5 bytes)
Event: 4.641 Thread 0x000001d36a235ff0 nmethod 2996 0x000001d35e5c8610 code [0x000001d35e5c87a0, 0x000001d35e5c8868]
Event: 4.643 Thread 0x000001d36a235ff0 2997       3       java.util.Properties$LineReader::readLine (584 bytes)
Event: 4.646 Thread 0x000001d36a235ff0 nmethod 2997 0x000001d356f7d290 code [0x000001d356f7d680, 0x000001d356f7ff38]
Event: 4.649 Thread 0x000001d36a235ff0 2998       3       java.lang.invoke.LambdaForm$MH/0x000001d301019c00::invoke (25 bytes)
Event: 4.650 Thread 0x000001d36a235ff0 nmethod 2998 0x000001d356f80c10 code [0x000001d356f80de0, 0x000001d356f81320]
Event: 4.668 Thread 0x000001d36a235ff0 3000       3       java.io.FileDescriptor$1::getAppend (5 bytes)
Event: 4.668 Thread 0x000001d36a235ff0 nmethod 3000 0x000001d356f81490 code [0x000001d356f81620, 0x000001d356f81738]
Event: 4.668 Thread 0x000001d36a235ff0 3001   !   3       java.io.FileOutputStream::write (47 bytes)
Event: 4.668 Thread 0x000001d36a235ff0 nmethod 3001 0x000001d356f81810 code [0x000001d356f81a00, 0x000001d356f81cc8]

GC Heap History (14 events):
Event: 1.879 GC heap before
{Heap before GC invocations=1 (full 0):
 PSYoungGen      total 29696K, used 25600K [0x00000000d5580000, 0x00000000d7680000, 0x0000000100000000)
  eden space 25600K, 100% used [0x00000000d5580000,0x00000000d6e80000,0x00000000d6e80000)
  from space 4096K, 0% used [0x00000000d7280000,0x00000000d7280000,0x00000000d7680000)
  to   space 4096K, 0% used [0x00000000d6e80000,0x00000000d6e80000,0x00000000d7280000)
 ParOldGen       total 68608K, used 0K [0x0000000080000000, 0x0000000084300000, 0x00000000d5580000)
  object space 68608K, 0% used [0x0000000080000000,0x0000000080000000,0x0000000084300000)
 Metaspace       used 4293K, committed 4544K, reserved 1114112K
  class space    used 470K, committed 576K, reserved 1048576K
}
Event: 1.883 GC heap after
{Heap after GC invocations=1 (full 0):
 PSYoungGen      total 29696K, used 3318K [0x00000000d5580000, 0x00000000d7680000, 0x0000000100000000)
  eden space 25600K, 0% used [0x00000000d5580000,0x00000000d5580000,0x00000000d6e80000)
  from space 4096K, 81% used [0x00000000d6e80000,0x00000000d71bdbc8,0x00000000d7280000)
  to   space 4096K, 0% used [0x00000000d7280000,0x00000000d7280000,0x00000000d7680000)
 ParOldGen       total 68608K, used 16K [0x0000000080000000, 0x0000000084300000, 0x00000000d5580000)
  object space 68608K, 0% used [0x0000000080000000,0x0000000080004000,0x0000000084300000)
 Metaspace       used 4293K, committed 4544K, reserved 1114112K
  class space    used 470K, committed 576K, reserved 1048576K
}
Event: 2.594 GC heap before
{Heap before GC invocations=2 (full 0):
 PSYoungGen      total 29696K, used 28918K [0x00000000d5580000, 0x00000000d7680000, 0x0000000100000000)
  eden space 25600K, 100% used [0x00000000d5580000,0x00000000d6e80000,0x00000000d6e80000)
  from space 4096K, 81% used [0x00000000d6e80000,0x00000000d71bdbc8,0x00000000d7280000)
  to   space 4096K, 0% used [0x00000000d7280000,0x00000000d7280000,0x00000000d7680000)
 ParOldGen       total 68608K, used 16K [0x0000000080000000, 0x0000000084300000, 0x00000000d5580000)
  object space 68608K, 0% used [0x0000000080000000,0x0000000080004000,0x0000000084300000)
 Metaspace       used 8135K, committed 8384K, reserved 1114112K
  class space    used 864K, committed 960K, reserved 1048576K
}
Event: 2.598 GC heap after
{Heap after GC invocations=2 (full 0):
 PSYoungGen      total 29696K, used 4091K [0x00000000d5580000, 0x00000000d7680000, 0x0000000100000000)
  eden space 25600K, 0% used [0x00000000d5580000,0x00000000d5580000,0x00000000d6e80000)
  from space 4096K, 99% used [0x00000000d7280000,0x00000000d767ed00,0x00000000d7680000)
  to   space 4096K, 0% used [0x00000000d6e80000,0x00000000d6e80000,0x00000000d7280000)
 ParOldGen       total 68608K, used 927K [0x0000000080000000, 0x0000000084300000, 0x00000000d5580000)
  object space 68608K, 1% used [0x0000000080000000,0x00000000800e7ea8,0x0000000084300000)
 Metaspace       used 8135K, committed 8384K, reserved 1114112K
  class space    used 864K, committed 960K, reserved 1048576K
}
Event: 3.181 GC heap before
{Heap before GC invocations=3 (full 0):
 PSYoungGen      total 29696K, used 29691K [0x00000000d5580000, 0x00000000d7680000, 0x0000000100000000)
  eden space 25600K, 100% used [0x00000000d5580000,0x00000000d6e80000,0x00000000d6e80000)
  from space 4096K, 99% used [0x00000000d7280000,0x00000000d767ed00,0x00000000d7680000)
  to   space 4096K, 0% used [0x00000000d6e80000,0x00000000d6e80000,0x00000000d7280000)
 ParOldGen       total 68608K, used 927K [0x0000000080000000, 0x0000000084300000, 0x00000000d5580000)
  object space 68608K, 1% used [0x0000000080000000,0x00000000800e7ea8,0x0000000084300000)
 Metaspace       used 12936K, committed 13504K, reserved 1114112K
  class space    used 1367K, committed 1600K, reserved 1048576K
}
Event: 3.185 GC heap after
{Heap after GC invocations=3 (full 0):
 PSYoungGen      total 29696K, used 4090K [0x00000000d5580000, 0x00000000d7680000, 0x0000000100000000)
  eden space 25600K, 0% used [0x00000000d5580000,0x00000000d5580000,0x00000000d6e80000)
  from space 4096K, 99% used [0x00000000d6e80000,0x00000000d727e968,0x00000000d7280000)
  to   space 4096K, 0% used [0x00000000d7280000,0x00000000d7280000,0x00000000d7680000)
 ParOldGen       total 68608K, used 2747K [0x0000000080000000, 0x0000000084300000, 0x00000000d5580000)
  object space 68608K, 4% used [0x0000000080000000,0x00000000802aefb0,0x0000000084300000)
 Metaspace       used 12936K, committed 13504K, reserved 1114112K
  class space    used 1367K, committed 1600K, reserved 1048576K
}
Event: 3.572 GC heap before
{Heap before GC invocations=4 (full 0):
 PSYoungGen      total 29696K, used 29690K [0x00000000d5580000, 0x00000000d7680000, 0x0000000100000000)
  eden space 25600K, 100% used [0x00000000d5580000,0x00000000d6e80000,0x00000000d6e80000)
  from space 4096K, 99% used [0x00000000d6e80000,0x00000000d727e968,0x00000000d7280000)
  to   space 4096K, 0% used [0x00000000d7280000,0x00000000d7280000,0x00000000d7680000)
 ParOldGen       total 68608K, used 2747K [0x0000000080000000, 0x0000000084300000, 0x00000000d5580000)
  object space 68608K, 4% used [0x0000000080000000,0x00000000802aefb0,0x0000000084300000)
 Metaspace       used 15993K, committed 16640K, reserved 1114112K
  class space    used 1652K, committed 1920K, reserved 1048576K
}
Event: 3.579 GC heap after
{Heap after GC invocations=4 (full 0):
 PSYoungGen      total 29696K, used 4082K [0x00000000d5580000, 0x00000000d7680000, 0x0000000100000000)
  eden space 25600K, 0% used [0x00000000d5580000,0x00000000d5580000,0x00000000d6e80000)
  from space 4096K, 99% used [0x00000000d7280000,0x00000000d767c908,0x00000000d7680000)
  to   space 4096K, 0% used [0x00000000d6e80000,0x00000000d6e80000,0x00000000d7280000)
 ParOldGen       total 68608K, used 5965K [0x0000000080000000, 0x0000000084300000, 0x00000000d5580000)
  object space 68608K, 8% used [0x0000000080000000,0x00000000805d37d8,0x0000000084300000)
 Metaspace       used 15993K, committed 16640K, reserved 1114112K
  class space    used 1652K, committed 1920K, reserved 1048576K
}
Event: 3.828 GC heap before
{Heap before GC invocations=5 (full 0):
 PSYoungGen      total 29696K, used 29682K [0x00000000d5580000, 0x00000000d7680000, 0x0000000100000000)
  eden space 25600K, 100% used [0x00000000d5580000,0x00000000d6e80000,0x00000000d6e80000)
  from space 4096K, 99% used [0x00000000d7280000,0x00000000d767c908,0x00000000d7680000)
  to   space 4096K, 0% used [0x00000000d6e80000,0x00000000d6e80000,0x00000000d7280000)
 ParOldGen       total 68608K, used 5965K [0x0000000080000000, 0x0000000084300000, 0x00000000d5580000)
  object space 68608K, 8% used [0x0000000080000000,0x00000000805d37d8,0x0000000084300000)
 Metaspace       used 20064K, committed 20736K, reserved 1114112K
  class space    used 1950K, committed 2240K, reserved 1048576K
}
Event: 3.830 GC heap after
{Heap after GC invocations=5 (full 0):
 PSYoungGen      total 29184K, used 4075K [0x00000000d5580000, 0x00000000d7900000, 0x0000000100000000)
  eden space 25088K, 0% used [0x00000000d5580000,0x00000000d5580000,0x00000000d6e00000)
  from space 4096K, 99% used [0x00000000d6e80000,0x00000000d727ac08,0x00000000d7280000)
  to   space 5632K, 0% used [0x00000000d7380000,0x00000000d7380000,0x00000000d7900000)
 ParOldGen       total 68608K, used 6218K [0x0000000080000000, 0x0000000084300000, 0x00000000d5580000)
  object space 68608K, 9% used [0x0000000080000000,0x0000000080612bc0,0x0000000084300000)
 Metaspace       used 20064K, committed 20736K, reserved 1114112K
  class space    used 1950K, committed 2240K, reserved 1048576K
}
Event: 4.051 GC heap before
{Heap before GC invocations=6 (full 0):
 PSYoungGen      total 29184K, used 24249K [0x00000000d5580000, 0x00000000d7900000, 0x0000000100000000)
  eden space 25088K, 80% used [0x00000000d5580000,0x00000000d6933b50,0x00000000d6e00000)
  from space 4096K, 99% used [0x00000000d6e80000,0x00000000d727ac08,0x00000000d7280000)
  to   space 5632K, 0% used [0x00000000d7380000,0x00000000d7380000,0x00000000d7900000)
 ParOldGen       total 68608K, used 6218K [0x0000000080000000, 0x0000000084300000, 0x00000000d5580000)
  object space 68608K, 9% used [0x0000000080000000,0x0000000080612bc0,0x0000000084300000)
 Metaspace       used 20903K, committed 21504K, reserved 1114112K
  class space    used 1998K, committed 2240K, reserved 1048576K
}
Event: 4.057 GC heap after
{Heap after GC invocations=6 (full 0):
 PSYoungGen      total 30208K, used 5586K [0x00000000d5580000, 0x00000000d7a00000, 0x0000000100000000)
  eden space 24576K, 0% used [0x00000000d5580000,0x00000000d5580000,0x00000000d6d80000)
  from space 5632K, 99% used [0x00000000d7380000,0x00000000d78f4908,0x00000000d7900000)
  to   space 6144K, 0% used [0x00000000d6d80000,0x00000000d6d80000,0x00000000d7380000)
 ParOldGen       total 68608K, used 7008K [0x0000000080000000, 0x0000000084300000, 0x00000000d5580000)
  object space 68608K, 10% used [0x0000000080000000,0x00000000806d80d0,0x0000000084300000)
 Metaspace       used 20903K, committed 21504K, reserved 1114112K
  class space    used 1998K, committed 2240K, reserved 1048576K
}
Event: 4.057 GC heap before
{Heap before GC invocations=7 (full 1):
 PSYoungGen      total 30208K, used 5586K [0x00000000d5580000, 0x00000000d7a00000, 0x0000000100000000)
  eden space 24576K, 0% used [0x00000000d5580000,0x00000000d5580000,0x00000000d6d80000)
  from space 5632K, 99% used [0x00000000d7380000,0x00000000d78f4908,0x00000000d7900000)
  to   space 6144K, 0% used [0x00000000d6d80000,0x00000000d6d80000,0x00000000d7380000)
 ParOldGen       total 68608K, used 7008K [0x0000000080000000, 0x0000000084300000, 0x00000000d5580000)
  object space 68608K, 10% used [0x0000000080000000,0x00000000806d80d0,0x0000000084300000)
 Metaspace       used 20903K, committed 21504K, reserved 1114112K
  class space    used 1998K, committed 2240K, reserved 1048576K
}
Event: 4.082 GC heap after
{Heap after GC invocations=7 (full 1):
 PSYoungGen      total 30208K, used 0K [0x00000000d5580000, 0x00000000d7a00000, 0x0000000100000000)
  eden space 24576K, 0% used [0x00000000d5580000,0x00000000d5580000,0x00000000d6d80000)
  from space 5632K, 0% used [0x00000000d7380000,0x00000000d7380000,0x00000000d7900000)
  to   space 6144K, 0% used [0x00000000d6d80000,0x00000000d6d80000,0x00000000d7380000)
 ParOldGen       total 68608K, used 10400K [0x0000000080000000, 0x0000000084300000, 0x00000000d5580000)
  object space 68608K, 15% used [0x0000000080000000,0x0000000080a280e8,0x0000000084300000)
 Metaspace       used 20890K, committed 21504K, reserved 1114112K
  class space    used 1994K, committed 2240K, reserved 1048576K
}

Dll operation events (9 events):
Event: 0.014 Loaded shared library c:\Users\josea\.vscode\extensions\redhat.java-1.44.0-win32-x64\jre\21.0.8-win32-x86_64\bin\java.dll
Event: 0.160 Loaded shared library c:\Users\josea\.vscode\extensions\redhat.java-1.44.0-win32-x64\jre\21.0.8-win32-x86_64\bin\zip.dll
Event: 0.192 Loaded shared library C:\Users\josea\.vscode\extensions\redhat.java-1.44.0-win32-x64\jre\21.0.8-win32-x86_64\bin\instrument.dll
Event: 0.198 Loaded shared library C:\Users\josea\.vscode\extensions\redhat.java-1.44.0-win32-x64\jre\21.0.8-win32-x86_64\bin\net.dll
Event: 0.201 Loaded shared library C:\Users\josea\.vscode\extensions\redhat.java-1.44.0-win32-x64\jre\21.0.8-win32-x86_64\bin\nio.dll
Event: 0.204 Loaded shared library C:\Users\josea\.vscode\extensions\redhat.java-1.44.0-win32-x64\jre\21.0.8-win32-x86_64\bin\zip.dll
Event: 0.234 Loaded shared library C:\Users\josea\.vscode\extensions\redhat.java-1.44.0-win32-x64\jre\21.0.8-win32-x86_64\bin\jimage.dll
Event: 1.321 Loaded shared library c:\Users\josea\.vscode\extensions\redhat.java-1.44.0-win32-x64\jre\21.0.8-win32-x86_64\bin\verify.dll
Event: 2.577 Loaded shared library C:\Users\josea\AppData\Roaming\Code\User\globalStorage\redhat.java\1.44.0\config_ss_win\org.eclipse.equinox.launcher\org.eclipse.equinox.launcher.win32.win32.x86_64_1.2.1400.v20250730-1736\eclipse_11913.dll

Deoptimization events (20 events):
Event: 4.178 Thread 0x000001d3702cf5c0 Uncommon trap: trap_request=0xffffff45 fr.pc=0x000001d35e59ab9c relative=0x0000000000000a1c
Event: 4.178 Thread 0x000001d3702cf5c0 Uncommon trap: reason=unstable_if action=reinterpret pc=0x000001d35e59ab9c method=java.util.regex.Pattern$BmpCharPropertyGreedy.match(Ljava/util/regex/Matcher;ILjava/lang/CharSequence;)Z @ 12 c2
Event: 4.178 Thread 0x000001d3702cf5c0 DEOPT PACKING pc=0x000001d35e59ab9c sp=0x0000008e0e6fd820
Event: 4.178 Thread 0x000001d3702cf5c0 DEOPT UNPACKING pc=0x000001d35df23aa2 sp=0x0000008e0e6fd6e8 mode 2
Event: 4.455 Thread 0x000001d3702cf5c0 Uncommon trap: trap_request=0xffffffde fr.pc=0x000001d35e5a55bc relative=0x000000000000081c
Event: 4.455 Thread 0x000001d3702cf5c0 Uncommon trap: reason=class_check action=maybe_recompile pc=0x000001d35e5a55bc method=java.util.HashMap.putVal(ILjava/lang/Object;Ljava/lang/Object;ZZ)Ljava/lang/Object; @ 91 c2
Event: 4.455 Thread 0x000001d3702cf5c0 DEOPT PACKING pc=0x000001d35e5a55bc sp=0x0000008e0e6fd970
Event: 4.455 Thread 0x000001d3702cf5c0 DEOPT UNPACKING pc=0x000001d35df23aa2 sp=0x0000008e0e6fd878 mode 2
Event: 4.455 Thread 0x000001d3702cf5c0 Uncommon trap: trap_request=0xffffffde fr.pc=0x000001d35e5a55bc relative=0x000000000000081c
Event: 4.455 Thread 0x000001d3702cf5c0 Uncommon trap: reason=class_check action=maybe_recompile pc=0x000001d35e5a55bc method=java.util.HashMap.putVal(ILjava/lang/Object;Ljava/lang/Object;ZZ)Ljava/lang/Object; @ 91 c2
Event: 4.455 Thread 0x000001d3702cf5c0 DEOPT PACKING pc=0x000001d35e5a55bc sp=0x0000008e0e6fd970
Event: 4.455 Thread 0x000001d3702cf5c0 DEOPT UNPACKING pc=0x000001d35df23aa2 sp=0x0000008e0e6fd878 mode 2
Event: 4.643 Thread 0x000001d3702cf5c0 Uncommon trap: trap_request=0xffffff45 fr.pc=0x000001d35e592d7c relative=0x000000000000101c
Event: 4.643 Thread 0x000001d3702cf5c0 Uncommon trap: reason=unstable_if action=reinterpret pc=0x000001d35e592d7c method=java.util.Properties$LineReader.readLine()I @ 256 c2
Event: 4.643 Thread 0x000001d3702cf5c0 DEOPT PACKING pc=0x000001d35e592d7c sp=0x0000008e0e6fb4d0
Event: 4.643 Thread 0x000001d3702cf5c0 DEOPT UNPACKING pc=0x000001d35df23aa2 sp=0x0000008e0e6fb468 mode 2
Event: 4.654 Thread 0x000001d3702cf5c0 Uncommon trap: trap_request=0xffffff45 fr.pc=0x000001d35e4a6e08 relative=0x00000000000006e8
Event: 4.654 Thread 0x000001d3702cf5c0 Uncommon trap: reason=unstable_if action=reinterpret pc=0x000001d35e4a6e08 method=java.lang.String.replace(Ljava/lang/CharSequence;Ljava/lang/CharSequence;)Ljava/lang/String; @ 42 c2
Event: 4.654 Thread 0x000001d3702cf5c0 DEOPT PACKING pc=0x000001d35e4a6e08 sp=0x0000008e0e6fb9b0
Event: 4.654 Thread 0x000001d3702cf5c0 DEOPT UNPACKING pc=0x000001d35df23aa2 sp=0x0000008e0e6fb930 mode 2

Classes loaded (20 events):
Event: 4.591 Loading class com/sun/org/apache/xerces/internal/dom/DeferredAttrImpl
Event: 4.591 Loading class com/sun/org/apache/xerces/internal/dom/DeferredAttrImpl done
Event: 4.592 Loading class com/sun/org/apache/xerces/internal/dom/DeferredTextImpl
Event: 4.592 Loading class com/sun/org/apache/xerces/internal/dom/DeferredTextImpl done
Event: 4.602 Loading class java/lang/StackTraceElement$HashedModules
Event: 4.603 Loading class java/lang/StackTraceElement$HashedModules done
Event: 4.604 Loading class sun/nio/cs/UTF_8$Encoder
Event: 4.604 Loading class sun/nio/cs/UTF_8$Encoder done
Event: 4.605 Loading class java/io/FileOutputStream$1
Event: 4.605 Loading class java/io/FileOutputStream$1 done
Event: 4.637 Loading class java/nio/charset/IllegalCharsetNameException
Event: 4.637 Loading class java/nio/charset/IllegalCharsetNameException done
Event: 4.647 Loading class jdk/internal/logger/LoggerFinderLoader
Event: 4.647 Loading class jdk/internal/logger/LoggerFinderLoader done
Event: 4.648 Loading class jdk/internal/logger/LoggerFinderLoader$TemporaryLoggerFinder
Event: 4.648 Loading class jdk/internal/logger/LoggerFinderLoader$TemporaryLoggerFinder done
Event: 4.649 Loading class sun/util/logging/internal/LoggingProviderImpl$JULWrapper
Event: 4.649 Loading class sun/util/logging/internal/LoggingProviderImpl$JULWrapper done
Event: 4.654 Loading class java/io/File$TempDirectory
Event: 4.655 Loading class java/io/File$TempDirectory done

Classes unloaded (7 events):
Event: 4.060 Thread 0x000001d36a2135e0 Unloading class 0x000001d30118d400 'java/lang/invoke/LambdaForm$MH+0x000001d30118d400'
Event: 4.060 Thread 0x000001d36a2135e0 Unloading class 0x000001d30118d000 'java/lang/invoke/LambdaForm$MH+0x000001d30118d000'
Event: 4.060 Thread 0x000001d36a2135e0 Unloading class 0x000001d30118cc00 'java/lang/invoke/LambdaForm$MH+0x000001d30118cc00'
Event: 4.060 Thread 0x000001d36a2135e0 Unloading class 0x000001d30118c800 'java/lang/invoke/LambdaForm$MH+0x000001d30118c800'
Event: 4.060 Thread 0x000001d36a2135e0 Unloading class 0x000001d30118c400 'java/lang/invoke/LambdaForm$BMH+0x000001d30118c400'
Event: 4.060 Thread 0x000001d36a2135e0 Unloading class 0x000001d30118c000 'java/lang/invoke/LambdaForm$DMH+0x000001d30118c000'
Event: 4.060 Thread 0x000001d36a2135e0 Unloading class 0x000001d30118ac00 'java/lang/invoke/LambdaForm$DMH+0x000001d30118ac00'

Classes redefined (0 events):
No events

Internal exceptions (20 events):
Event: 3.399 Thread 0x000001d3702cf5c0 Exception <a 'java/lang/NoSuchMethodError'{0x00000000d5ee5b20}: 'java.lang.Object java.lang.invoke.DirectMethodHandle$Holder.invokeSpecial(java.lang.Object, java.lang.Object, java.lang.Object, java.lang.Object, int, java.lang.Object)'> (0x00000000d5ee5b20) 
thrown [s\src\hotspot\share\interpreter\linkResolver.cpp, line 773]
Event: 3.399 Thread 0x000001d3702cf5c0 Exception <a 'java/lang/NoSuchMethodError'{0x00000000d5ee9660}: 'java.lang.Object java.lang.invoke.Invokers$Holder.linkToTargetMethod(java.lang.Object, java.lang.Object, int, java.lang.Object, java.lang.Object)'> (0x00000000d5ee9660) 
thrown [s\src\hotspot\share\interpreter\linkResolver.cpp, line 773]
Event: 3.399 Thread 0x000001d370dbb7d0 Exception <a 'java/lang/NoSuchMethodError'{0x00000000d5e01f50}: 'java.lang.Object java.lang.invoke.DirectMethodHandle$Holder.invokeSpecial(java.lang.Object, java.lang.Object, int, java.lang.Object, java.lang.Object)'> (0x00000000d5e01f50) 
thrown [s\src\hotspot\share\interpreter\linkResolver.cpp, line 773]
Event: 3.400 Thread 0x000001d370dbb7d0 Exception <a 'java/lang/NoSuchMethodError'{0x00000000d5e08c88}: 'java.lang.Object java.lang.invoke.DirectMethodHandle$Holder.newInvokeSpecial(java.lang.Object, java.lang.Object, int, java.lang.Object)'> (0x00000000d5e08c88) 
thrown [s\src\hotspot\share\interpreter\linkResolver.cpp, line 773]
Event: 3.400 Thread 0x000001d370dbb7d0 Exception <a 'java/lang/NoSuchMethodError'{0x00000000d5e0c5a8}: 'java.lang.Object java.lang.invoke.DirectMethodHandle$Holder.invokeSpecial(java.lang.Object, java.lang.Object, java.lang.Object, int, java.lang.Object)'> (0x00000000d5e0c5a8) 
thrown [s\src\hotspot\share\interpreter\linkResolver.cpp, line 773]
Event: 3.416 Thread 0x000001d3702cf5c0 Exception <a 'java/lang/NoSuchMethodError'{0x00000000d602ecb8}: 'void java.lang.invoke.DirectMethodHandle$Holder.invokeSpecial(java.lang.Object, java.lang.Object, java.lang.Object, java.lang.Object, java.lang.Object)'> (0x00000000d602ecb8) 
thrown [s\src\hotspot\share\interpreter\linkResolver.cpp, line 773]
Event: 3.451 Thread 0x000001d3702cf5c0 Exception <a 'java/lang/NoSuchMethodError'{0x00000000d62d9930}: 'double java.lang.invoke.DirectMethodHandle$Holder.invokeStatic(java.lang.Object, java.lang.Object)'> (0x00000000d62d9930) 
thrown [s\src\hotspot\share\interpreter\linkResolver.cpp, line 773]
Event: 3.451 Thread 0x000001d3702cf5c0 Exception <a 'java/lang/NoSuchMethodError'{0x00000000d62dcff0}: 'double java.lang.invoke.DirectMethodHandle$Holder.invokeStaticInit(java.lang.Object, java.lang.Object)'> (0x00000000d62dcff0) 
thrown [s\src\hotspot\share\interpreter\linkResolver.cpp, line 773]
Event: 3.596 Thread 0x000001d3702cf5c0 Exception <a 'java/io/FileNotFoundException'{0x00000000d5a29120}> (0x00000000d5a29120) 
thrown [s\src\hotspot\share\prims\jni.cpp, line 520]
Event: 3.596 Thread 0x000001d3702cf5c0 Exception <a 'java/io/FileNotFoundException'{0x00000000d5a29f90}> (0x00000000d5a29f90) 
thrown [s\src\hotspot\share\prims\jni.cpp, line 520]
Event: 3.596 Thread 0x000001d3702cf5c0 Exception <a 'java/io/FileNotFoundException'{0x00000000d5a2aef8}> (0x00000000d5a2aef8) 
thrown [s\src\hotspot\share\prims\jni.cpp, line 520]
Event: 3.760 Thread 0x000001d3702cf5c0 Implicit null exception at 0x000001d35e587975 to 0x000001d35e587a68
Event: 3.882 Thread 0x000001d3702cf5c0 Exception <a 'java/io/FileNotFoundException'{0x00000000d61ad9f8}> (0x00000000d61ad9f8) 
thrown [s\src\hotspot\share\prims\jni.cpp, line 520]
Event: 4.050 Thread 0x000001d3702cf5c0 Exception <a 'java/io/FileNotFoundException'{0x00000000d68d8c18}> (0x00000000d68d8c18) 
thrown [s\src\hotspot\share\prims\jni.cpp, line 520]
Event: 4.086 Thread 0x000001d3702cf5c0 Exception <a 'java/lang/NoSuchMethodError'{0x00000000d558a6a0}: 'java.lang.Object java.lang.invoke.DirectMethodHandle$Holder.newInvokeSpecial(java.lang.Object, int, java.lang.Object, java.lang.Object)'> (0x00000000d558a6a0) 
thrown [s\src\hotspot\share\interpreter\linkResolver.cpp, line 773]
Event: 4.169 Thread 0x000001d3702cf5c0 Exception <a 'sun/nio/fs/WindowsException'{0x00000000d5791ee8}> (0x00000000d5791ee8) 
thrown [s\src\hotspot\share\prims\jni.cpp, line 520]
Event: 4.326 Thread 0x000001d3702cf5c0 Exception <a 'java/lang/NoSuchMethodError'{0x00000000d5919830}: 'java.lang.Object java.lang.invoke.DirectMethodHandle$Holder.invokeStaticInit(java.lang.Object, int, int, int, int)'> (0x00000000d5919830) 
thrown [s\src\hotspot\share\interpreter\linkResolver.cpp, line 773]
Event: 4.357 Thread 0x000001d3702cf5c0 Exception <a 'java/lang/NoSuchMethodError'{0x00000000d59e2430}: 'java.lang.Object java.lang.invoke.DirectMethodHandle$Holder.invokeStaticInit(java.lang.Object, java.lang.Object, int, int, int, int)'> (0x00000000d59e2430) 
thrown [s\src\hotspot\share\interpreter\linkResolver.cpp, line 773]
Event: 4.510 Thread 0x000001d3702cf5c0 Exception <a 'java/lang/ClassNotFoundException'{0x00000000d5fb3938}: com/sun/org/apache/xml/internal/serializer/spi/XMLEntitiesProvider> (0x00000000d5fb3938) 
thrown [s\src\hotspot\share\classfile\systemDictionary.cpp, line 312]
Event: 4.610 Thread 0x000001d3702cf5c0 Exception <a 'java/io/FileNotFoundException'{0x00000000d63726f0}> (0x00000000d63726f0) 
thrown [s\src\hotspot\share\prims\jni.cpp, line 520]

ZGC Phase Switch (0 events):
No events

VM Operations (20 events):
Event: 3.828 Executing VM operation: ParallelGCFailedAllocation (Allocation Failure)
Event: 3.831 Executing VM operation: ParallelGCFailedAllocation (Allocation Failure) done
Event: 3.988 Executing VM operation: HandshakeAllThreads (Deoptimize)
Event: 3.988 Executing VM operation: HandshakeAllThreads (Deoptimize) done
Event: 4.051 Executing VM operation: CollectForMetadataAllocation (Metadata GC Threshold)
Event: 4.083 Executing VM operation: CollectForMetadataAllocation (Metadata GC Threshold) done
Event: 4.148 Executing VM operation: HandshakeAllThreads (Deoptimize)
Event: 4.148 Executing VM operation: HandshakeAllThreads (Deoptimize) done
Event: 4.366 Executing VM operation: HandshakeAllThreads (Deoptimize)
Event: 4.366 Executing VM operation: HandshakeAllThreads (Deoptimize) done
Event: 4.375 Executing VM operation: HandshakeAllThreads (Deoptimize)
Event: 4.375 Executing VM operation: HandshakeAllThreads (Deoptimize) done
Event: 4.375 Executing VM operation: HandshakeAllThreads (Deoptimize)
Event: 4.375 Executing VM operation: HandshakeAllThreads (Deoptimize) done
Event: 4.547 Executing VM operation: HandshakeAllThreads (Deoptimize)
Event: 4.547 Executing VM operation: HandshakeAllThreads (Deoptimize) done
Event: 4.592 Executing VM operation: HandshakeAllThreads (Deoptimize)
Event: 4.592 Executing VM operation: HandshakeAllThreads (Deoptimize) done
Event: 5.592 Executing VM operation: Cleanup
Event: 5.593 Executing VM operation: Cleanup done

Memory protections (0 events):
No events

Nmethod flushes (0 events):
No events

Events (20 events):
Event: 2.285 Thread 0x000001d3537ae950 Thread added: 0x000001d370914900
Event: 2.564 Thread 0x000001d3537ae950 Thread added: 0x000001d3702cef60
Event: 2.569 Thread 0x000001d3537ae950 Thread added: 0x000001d3702cf5c0
Event: 2.610 Thread 0x000001d3702cf5c0 Thread added: 0x000001d37091f1c0
Event: 2.745 Thread 0x000001d3702cf5c0 Thread added: 0x000001d370c5a9a0
Event: 2.817 Thread 0x000001d36be210f0 Thread exited: 0x000001d36be210f0
Event: 2.841 Thread 0x000001d36be1eee0 Thread exited: 0x000001d36be1eee0
Event: 2.854 Thread 0x000001d36a235ff0 Thread added: 0x000001d37096c5d0
Event: 2.854 Thread 0x000001d36a235ff0 Thread added: 0x000001d37096d370
Event: 3.060 Thread 0x000001d3702cf5c0 Thread added: 0x000001d3709f3a10
Event: 3.242 Thread 0x000001d37096d370 Thread exited: 0x000001d37096d370
Event: 3.371 Thread 0x000001d3702cf5c0 Thread added: 0x000001d370dbb7d0
Event: 3.400 Thread 0x000001d3702cf5c0 Thread added: 0x000001d370c3cf40
Event: 3.528 Thread 0x000001d370c3cf40 Thread added: 0x000001d370e15b10
Event: 3.698 Thread 0x000001d37096c5d0 Thread exited: 0x000001d37096c5d0
Event: 3.904 Thread 0x000001d36a235ff0 Thread added: 0x000001d3710a85f0
Event: 3.904 Thread 0x000001d36a235ff0 Thread added: 0x000001d3710a7850
Event: 4.031 Thread 0x000001d3702cf5c0 Thread added: 0x000001d370e14df0
Event: 4.312 Thread 0x000001d370e14df0 Thread exited: 0x000001d370e14df0
Event: 4.317 Thread 0x000001d3710a7850 Thread exited: 0x000001d3710a7850


Dynamic libraries:
0x00007ff743b10000 - 0x00007ff743b1e000 	c:\Users\josea\.vscode\extensions\redhat.java-1.44.0-win32-x64\jre\21.0.8-win32-x86_64\bin\java.exe
0x00007ff8dbf20000 - 0x00007ff8dc187000 	C:\WINDOWS\SYSTEM32\ntdll.dll
0x00007ff8dacb0000 - 0x00007ff8dad79000 	C:\WINDOWS\System32\KERNEL32.DLL
0x00007ff8d93f0000 - 0x00007ff8d97e0000 	C:\WINDOWS\System32\KERNELBASE.dll
0x00007ff8d9050000 - 0x00007ff8d919b000 	C:\WINDOWS\System32\ucrtbase.dll
0x00007ff8d3350000 - 0x00007ff8d3368000 	c:\Users\josea\.vscode\extensions\redhat.java-1.44.0-win32-x64\jre\21.0.8-win32-x86_64\bin\jli.dll
0x00007ff8db7f0000 - 0x00007ff8db9b5000 	C:\WINDOWS\System32\USER32.dll
0x00007ff8d93c0000 - 0x00007ff8d93e7000 	C:\WINDOWS\System32\win32u.dll
0x00007ff8dad80000 - 0x00007ff8dadab000 	C:\WINDOWS\System32\GDI32.dll
0x00007ff8d9b70000 - 0x00007ff8d9ca8000 	C:\WINDOWS\System32\gdi32full.dll
0x00007ff8d9ac0000 - 0x00007ff8d9b63000 	C:\WINDOWS\System32\msvcp_win.dll
0x00007ff8c28d0000 - 0x00007ff8c2b6a000 	C:\WINDOWS\WinSxS\amd64_microsoft.windows.common-controls_6595b64144ccf1df_6.0.26100.4768_none_3e0c112ce331287c\COMCTL32.dll
0x00007ff8da9f0000 - 0x00007ff8daa99000 	C:\WINDOWS\System32\msvcrt.dll
0x00007ff8d1e70000 - 0x00007ff8d1e8e000 	c:\Users\josea\.vscode\extensions\redhat.java-1.44.0-win32-x64\jre\21.0.8-win32-x86_64\bin\VCRUNTIME140.dll
0x00007ff8db560000 - 0x00007ff8db58f000 	C:\WINDOWS\System32\IMM32.DLL
0x00007ff8d30d0000 - 0x00007ff8d30dc000 	c:\Users\josea\.vscode\extensions\redhat.java-1.44.0-win32-x64\jre\21.0.8-win32-x86_64\bin\vcruntime140_1.dll
0x00007ff8bdc40000 - 0x00007ff8bdccd000 	c:\Users\josea\.vscode\extensions\redhat.java-1.44.0-win32-x64\jre\21.0.8-win32-x86_64\bin\msvcp140.dll
0x00007ff884c10000 - 0x00007ff8859a7000 	c:\Users\josea\.vscode\extensions\redhat.java-1.44.0-win32-x64\jre\21.0.8-win32-x86_64\bin\server\jvm.dll
0x00007ff8dba90000 - 0x00007ff8dbb44000 	C:\WINDOWS\System32\ADVAPI32.dll
0x00007ff8da7d0000 - 0x00007ff8da876000 	C:\WINDOWS\System32\sechost.dll
0x00007ff8dab10000 - 0x00007ff8dac28000 	C:\WINDOWS\System32\RPCRT4.dll
0x00007ff8db770000 - 0x00007ff8db7e4000 	C:\WINDOWS\System32\WS2_32.dll
0x00007ff8ca0e0000 - 0x00007ff8ca115000 	C:\WINDOWS\SYSTEM32\WINMM.dll
0x00007ff8d8d10000 - 0x00007ff8d8d6e000 	C:\WINDOWS\SYSTEM32\POWRPROF.dll
0x00007ff8d2c40000 - 0x00007ff8d2c4b000 	C:\WINDOWS\SYSTEM32\VERSION.dll
0x00007ff8d8cf0000 - 0x00007ff8d8d04000 	C:\WINDOWS\SYSTEM32\UMPDC.dll
0x00007ff8d7d90000 - 0x00007ff8d7dab000 	C:\WINDOWS\SYSTEM32\kernel.appcore.dll
0x00007ff8d2620000 - 0x00007ff8d262a000 	c:\Users\josea\.vscode\extensions\redhat.java-1.44.0-win32-x64\jre\21.0.8-win32-x86_64\bin\jimage.dll
0x00007ff8c6140000 - 0x00007ff8c6381000 	C:\WINDOWS\SYSTEM32\DBGHELP.DLL
0x00007ff8dbb50000 - 0x00007ff8dbed5000 	C:\WINDOWS\System32\combase.dll
0x00007ff8db670000 - 0x00007ff8db750000 	C:\WINDOWS\System32\OLEAUT32.dll
0x00007ff8c5440000 - 0x00007ff8c5483000 	C:\WINDOWS\SYSTEM32\dbgcore.DLL
0x00007ff8d9320000 - 0x00007ff8d93b9000 	C:\WINDOWS\System32\bcryptPrimitives.dll
0x00007ff8c7b60000 - 0x00007ff8c7b6f000 	c:\Users\josea\.vscode\extensions\redhat.java-1.44.0-win32-x64\jre\21.0.8-win32-x86_64\bin\instrument.dll
0x00007ff8b9bb0000 - 0x00007ff8b9bcf000 	c:\Users\josea\.vscode\extensions\redhat.java-1.44.0-win32-x64\jre\21.0.8-win32-x86_64\bin\java.dll
0x00007ff8dadb0000 - 0x00007ff8db4fd000 	C:\WINDOWS\System32\SHELL32.dll
0x00007ff8d9940000 - 0x00007ff8d9ab3000 	C:\WINDOWS\System32\wintypes.dll
0x00007ff8d6c10000 - 0x00007ff8d7470000 	C:\WINDOWS\SYSTEM32\windows.storage.dll
0x00007ff8d9cb0000 - 0x00007ff8d9da5000 	C:\WINDOWS\System32\SHCORE.dll
0x00007ff8daaa0000 - 0x00007ff8dab0a000 	C:\WINDOWS\System32\shlwapi.dll
0x00007ff8d8f70000 - 0x00007ff8d8f99000 	C:\WINDOWS\SYSTEM32\profapi.dll
0x00007ff8b8880000 - 0x00007ff8b8898000 	c:\Users\josea\.vscode\extensions\redhat.java-1.44.0-win32-x64\jre\21.0.8-win32-x86_64\bin\zip.dll
0x00007ff8c53e0000 - 0x00007ff8c53f0000 	C:\Users\josea\.vscode\extensions\redhat.java-1.44.0-win32-x64\jre\21.0.8-win32-x86_64\bin\net.dll
0x00007ff8d1d00000 - 0x00007ff8d1e1e000 	C:\WINDOWS\SYSTEM32\WINHTTP.dll
0x00007ff8d8300000 - 0x00007ff8d836b000 	C:\WINDOWS\system32\mswsock.dll
0x00007ff8b8860000 - 0x00007ff8b8876000 	C:\Users\josea\.vscode\extensions\redhat.java-1.44.0-win32-x64\jre\21.0.8-win32-x86_64\bin\nio.dll
0x00007ff8c0450000 - 0x00007ff8c0460000 	c:\Users\josea\.vscode\extensions\redhat.java-1.44.0-win32-x64\jre\21.0.8-win32-x86_64\bin\verify.dll
0x00007ff8b0440000 - 0x00007ff8b0485000 	C:\Users\josea\AppData\Roaming\Code\User\globalStorage\redhat.java\1.44.0\config_ss_win\org.eclipse.equinox.launcher\org.eclipse.equinox.launcher.win32.win32.x86_64_1.2.1400.v20250730-1736\eclipse_11913.dll
0x00007ff8da330000 - 0x00007ff8da4d0000 	C:\WINDOWS\System32\ole32.dll
0x00007ff8d8660000 - 0x00007ff8d867b000 	C:\WINDOWS\SYSTEM32\CRYPTSP.dll
0x00007ff8d7cf0000 - 0x00007ff8d7d2b000 	C:\WINDOWS\system32\rsaenh.dll
0x00007ff8d83a0000 - 0x00007ff8d83cb000 	C:\WINDOWS\SYSTEM32\USERENV.dll
0x00007ff8d8f40000 - 0x00007ff8d8f66000 	C:\WINDOWS\SYSTEM32\bcrypt.dll
0x00007ff8d8540000 - 0x00007ff8d854c000 	C:\WINDOWS\SYSTEM32\CRYPTBASE.dll
0x00007ff8d7780000 - 0x00007ff8d77b3000 	C:\WINDOWS\SYSTEM32\IPHLPAPI.DLL
0x00007ff8db760000 - 0x00007ff8db76a000 	C:\WINDOWS\System32\NSI.dll
0x00007ff891af0000 - 0x00007ff891b39000 	C:\Users\josea\AppData\Local\Temp\jna-101313770\jna2385866233746588059.dll
0x00007ff8da320000 - 0x00007ff8da328000 	C:\WINDOWS\System32\PSAPI.DLL
0x00007ff8d16d0000 - 0x00007ff8d16ef000 	C:\WINDOWS\SYSTEM32\dhcpcsvc6.DLL
0x00007ff8d16a0000 - 0x00007ff8d16c5000 	C:\WINDOWS\SYSTEM32\dhcpcsvc.DLL

JVMTI agents:
c:\Users\josea\.vscode\extensions\redhat.java-1.44.0-win32-x64\lombok\lombok-1.18.39-4050.jar path:c:\Users\josea\.vscode\extensions\redhat.java-1.44.0-win32-x64\jre\21.0.8-win32-x86_64\bin\instrument.dll, loaded, initialized, instrumentlib options:none

dbghelp: loaded successfully - version: 4.0.5 - missing functions: none
symbol engine: initialized successfully - sym options: 0x614 - pdb path: .;c:\Users\josea\.vscode\extensions\redhat.java-1.44.0-win32-x64\jre\21.0.8-win32-x86_64\bin;C:\WINDOWS\SYSTEM32;C:\WINDOWS\WinSxS\amd64_microsoft.windows.common-controls_6595b64144ccf1df_6.0.26100.4768_none_3e0c112ce331287c;c:\Users\josea\.vscode\extensions\redhat.java-1.44.0-win32-x64\jre\21.0.8-win32-x86_64\bin\server;C:\Users\josea\AppData\Roaming\Code\User\globalStorage\redhat.java\1.44.0\config_ss_win\org.eclipse.equinox.launcher\org.eclipse.equinox.launcher.win32.win32.x86_64_1.2.1400.v20250730-1736;C:\Users\josea\AppData\Local\Temp\jna-101313770

VM Arguments:
jvm_args: --add-modules=ALL-SYSTEM --add-opens=java.base/java.util=ALL-UNNAMED --add-opens=java.base/java.lang=ALL-UNNAMED --add-opens=java.base/sun.nio.fs=ALL-UNNAMED -Declipse.application=org.eclipse.jdt.ls.core.id1 -Dosgi.bundles.defaultStartLevel=4 -Declipse.product=org.eclipse.jdt.ls.core.product -Djava.import.generatesMetadataFilesAtProjectRoot=false -DDetectVMInstallationsJob.disabled=true -Dfile.encoding=utf8 -XX:+UseParallelGC -XX:GCTimeRatio=4 -XX:AdaptiveSizePolicyWeight=90 -Dsun.zip.disableMemoryMapping=true -Xmx2G -Xms100m -Xlog:disable -javaagent:c:\Users\josea\.vscode\extensions\redhat.java-1.44.0-win32-x64\lombok\lombok-1.18.39-4050.jar 
java_command: c:\Users\josea\.vscode\extensions\redhat.java-1.44.0-win32-x64\server\plugins\org.eclipse.equinox.launcher_1.7.0.v20250519-0528.jar -configuration c:\Users\josea\AppData\Roaming\Code\User\globalStorage\redhat.java\1.44.0\config_ss_win -data c:\Users\josea\AppData\Roaming\Code\User\workspaceStorage\dced319d0e57371fdc746696c9b62fab\redhat.java\ss_ws --pipe=\\.\pipe\lsp-d66ba8b3cc46ae60744a74c2057c7936-sock
java_class_path (initial): c:\Users\josea\.vscode\extensions\redhat.java-1.44.0-win32-x64\server\plugins\org.eclipse.equinox.launcher_1.7.0.v20250519-0528.jar
Launcher Type: SUN_STANDARD

[Global flags]
    uintx AdaptiveSizePolicyWeight                 = 90                                        {product} {command line}
     intx CICompilerCount                          = 4                                         {product} {ergonomic}
    uintx GCTimeRatio                              = 4                                         {product} {command line}
   size_t InitialHeapSize                          = 104857600                                 {product} {command line}
   size_t MaxHeapSize                              = 2147483648                                {product} {command line}
   size_t MaxNewSize                               = 715653120                                 {product} {ergonomic}
   size_t MinHeapDeltaBytes                        = 524288                                    {product} {ergonomic}
   size_t MinHeapSize                              = 104857600                                 {product} {command line}
   size_t NewSize                                  = 34603008                                  {product} {ergonomic}
    uintx NonNMethodCodeHeapSize                   = 5839372                                {pd product} {ergonomic}
    uintx NonProfiledCodeHeapSize                  = 122909434                              {pd product} {ergonomic}
   size_t OldSize                                  = 70254592                                  {product} {ergonomic}
    uintx ProfiledCodeHeapSize                     = 122909434                              {pd product} {ergonomic}
    uintx ReservedCodeCacheSize                    = 251658240                              {pd product} {ergonomic}
     bool SegmentedCodeCache                       = true                                      {product} {ergonomic}
   size_t SoftMaxHeapSize                          = 2147483648                             {manageable} {ergonomic}
     bool UseCompressedOops                        = true                           {product lp64_product} {ergonomic}
     bool UseLargePagesIndividualAllocation        = false                                  {pd product} {ergonomic}
     bool UseParallelGC                            = true                                      {product} {command line}

Logging:
Log output configuration:
 #0: stdout all=off uptime,level,tags foldmultilines=false
 #1: stderr all=off uptime,level,tags foldmultilines=false

Environment Variables:
JAVA_HOME=C:\Program Files (x86)\Java\jdk-11.0.0.1
PATH=c:\Users\josea\AppData\Local\Programs\cursor\resources\app\bin;C:\Python312\;C:\Python312\Scripts\;C:\Program Files (x86)\Java\jdk-11.0.0.1\bin;C:\Program Files\Zulu\zulu-8\bin\;C:\WINDOWS\system32;C:\WINDOWS;C:\WINDOWS\System32\Wbem;C:\WINDOWS\System32\WindowsPowerShell\v1.0\;C:\WINDOWS\System32\OpenSSH\;C:\Users\josea\Downloads\sonar-scanner-6.2.1.4610-windows-x64\bin;C:\Program Files (x86)\Git\cmd;C:\masm\;C:\Program Files\dotnet\;C:\Program Files\Azure Data Studio\bin;C:\Program Files\Microsoft SQL Server\150\Tools\Binn\;C:\Program Files\Microsoft SQL Server\Client SDK\ODBC\170\Tools\Binn\;C:\Tools;D:\Program Files\nodejs\;C:\ProgramData\chocolatey\bin;C:\Program Files\Docker\Docker\resources\bin;C:\Program Files\Calibre2\;C:\WINDOWS\system32\config\systemprofile\AppData\Local\Microsoft\WindowsApps;C:\Users\josea\AppData\Local\GitHubDesktop\bin;C:\WINDOWS\system32\config\systemprofile\.dotnet\tools;C:\SQL;C:\Users\josea\AppData\Local\Programs\Lens\resources\cli\bin;C;C:\Program Files\swipl\bin;C:\WINDOWS\system32;C:\WINDOWS;C:\WINDOWS\System32\Wbem;C:\WINDOWS\System32\WindowsPowerShell\v1.0\;C:\WINDOWS\System32\OpenSSH\;C:\WINDOWS\system32\config\systemprofile\AppData\Local\Microsoft\WindowsApps;C:\Users\josea\AppData\Local\Programs\Microsoft VS Code\bin;C:\Users\josea\AppData\Local\GitHubDesktop\bin;C:\WINDOWS\system32\config\systemprofile\.dotnet\tools;C:\SQL;C:\Program Files\Azure Data Studio\bin;C:\Users\josea\AppData\Local\Programs\Lens\resources\cli\bin;C:\Tools;C:\Users\josea\AppData\Roaming\npm;C:\Users\josea\Downloads\sonar-scanner-6.2.1.4610-windows-x64\bin;C:\Users\josea\AppData\Local\Google\Cloud SDK\google-cloud-sdk\bin;C:\Users\josea\AppData\Local\Programs\cursor\resources\app\bin;C:\Users\josea\AppData\Local\Microsoft\WindowsApps;
USERNAME=josea
OS=Windows_NT
PROCESSOR_IDENTIFIER=Intel64 Family 6 Model 165 Stepping 3, GenuineIntel
TMP=C:\Users\josea\AppData\Local\Temp
TEMP=C:\Users\josea\AppData\Local\Temp




Periodic native trim disabled

---------------  S Y S T E M  ---------------

OS:
 Windows 11 , 64 bit Build 26100 (10.0.26100.4768)
OS uptime: 0 days 1:28 hours
Hyper-V role detected

CPU: total 8 (initial active 8) (4 cores per cpu, 2 threads per core) family 6 model 165 stepping 3 microcode 0xe0, cx8, cmov, fxsr, ht, mmx, 3dnowpref, sse, sse2, sse3, ssse3, sse4.1, sse4.2, popcnt, lzcnt, tsc, tscinvbit, avx, avx2, aes, erms, clmul, bmi1, bmi2, adx, fma, vzeroupper, clflush, clflushopt, hv, rdtscp, f16c
Processor Information for the first 8 processors :
  Max Mhz: 3600, Current Mhz: 3600, Mhz Limit: 3600

Memory: 4k page, system-wide physical 16295M (3954M free)
TotalPageFile size 18343M (AvailPageFile size 11M)
current process WorkingSet (physical memory assigned to process): 174M, peak: 174M
current process commit charge ("private bytes"): 306M, peak: 306M

vm_info: OpenJDK 64-Bit Server VM (21.0.8+9-LTS) for windows-amd64 JRE (21.0.8+9-LTS), built on 2025-07-15T00:00:00Z by "admin" with MS VC++ 17.7 (VS2022)

END.
